<?xml version="1.0" encoding="UTF-8"?>
<!-- Generated by org.testng.reporters.JUnitReportReporter -->
<testsuite hostname="Atuls-MacBook-Air.local" failures="0" tests="1" name="com.bridhelabz.db.test.DbAutomationTest" time="0.059" errors="0" timestamp="2023-01-30T21:14:27 IST" skipped="0">
  <testcase classname="com.bridhelabz.db.test.DbAutomationTest" name="orderbyClause" time="0.059"/>
  <system-out/>
</testsuite> <!-- com.bridhelabz.db.test.DbAutomationTest -->
